<?xml version="1.0" encoding="UTF-8"?>
<testng-results ignored="0" total="1" passed="1" failed="0" skipped="0">
  <reporter-output>
  </reporter-output>
  <suite started-at="2023-08-03T14:34:24 BST" name="Surefire suite" finished-at="2023-08-03T14:34:25 BST" duration-ms="61">
    <groups>
    </groups>
    <test started-at="2023-08-03T14:34:24 BST" name="Surefire test" finished-at="2023-08-03T14:34:25 BST" duration-ms="61">
      <class name="test.Test1">
        <test-method signature="method()[pri:0, instance:test.Test1@1ba9117e]" started-at="2023-08-03T14:34:25 BST" name="method" finished-at="2023-08-03T14:34:25 BST" duration-ms="12" status="PASS">
          <reporter-output>
          </reporter-output>
        </test-method> <!-- method -->
      </class> <!-- test.Test1 -->
    </test> <!-- Surefire test -->
  </suite> <!-- Surefire suite -->
</testng-results>
