<?xml version="1.0" encoding="UTF-8"?>
<testng-results ignored="0" total="1" passed="1" failed="0" skipped="0">
  <reporter-output>
  </reporter-output>
  <suite started-at="2023-08-03T13:41:12 BST" name="Default suite" finished-at="2023-08-03T13:41:12 BST" duration-ms="36">
    <groups>
    </groups>
    <test started-at="2023-08-03T13:41:12 BST" name="Default test" finished-at="2023-08-03T13:41:12 BST" duration-ms="36">
      <class name="test.Test1">
        <test-method signature="method()[pri:0, instance:test.Test1@783a467b]" started-at="2023-08-03T13:41:12 BST" name="method" finished-at="2023-08-03T13:41:12 BST" duration-ms="6" status="PASS">
          <reporter-output>
          </reporter-output>
        </test-method> <!-- method -->
      </class> <!-- test.Test1 -->
    </test> <!-- Default test -->
  </suite> <!-- Default suite -->
</testng-results>
